c:\users\kacper\desktop\zwp 02.06\kamila 08.06\chinczyk-master\chinczyk-master\make.visual\x64\release\vc140.pdb
c:\users\kacper\desktop\zwp 02.06\kamila 08.06\chinczyk-master\chinczyk-master\make.visual\x64\release\player.obj
c:\users\kacper\desktop\zwp 02.06\kamila 08.06\chinczyk-master\chinczyk-master\make.visual\x64\release\main.obj
c:\users\kacper\desktop\zwp 02.06\kamila 08.06\chinczyk-master\chinczyk-master\make.visual\x64\release\cube.obj
c:\users\kacper\desktop\zwp 02.06\kamila 08.06\chinczyk-master\chinczyk-master\make.visual\x64\release\board.obj
c:\users\kacper\desktop\zwp 02.06\kamila 08.06\chinczyk-master\chinczyk-master\bin\projekt1.exe
c:\users\kacper\desktop\zwp 02.06\kamila 08.06\chinczyk-master\chinczyk-master\bin\projekt1.ipdb
c:\users\kacper\desktop\zwp 02.06\kamila 08.06\chinczyk-master\chinczyk-master\bin\projekt1.iobj
c:\users\kacper\desktop\zwp 02.06\kamila 08.06\chinczyk-master\chinczyk-master\bin\projekt1.pdb
c:\users\kacper\desktop\zwp 02.06\kamila 08.06\chinczyk-master\chinczyk-master\make.visual\x64\release\res.res
c:\users\kacper\desktop\zwp 02.06\kamila 08.06\chinczyk-master\chinczyk-master\make.visual\x64\release\pionek.obj
c:\users\kacper\desktop\zwp 02.06\kamila 08.06\chinczyk-master\chinczyk-master\make.visual\x64\release\pole.obj
c:\users\kacper\desktop\zwp 02.06\kamila 08.06\chinczyk-master\chinczyk-master\make.visual\\..\bin\projekt1.pdb
c:\users\kacper\desktop\zwp 02.06\kamila 08.06\chinczyk-master\chinczyk-master\make.visual\\..\bin\projekt1.exe
c:\users\kacper\desktop\zwp 02.06\kamila 08.06\chinczyk-master\chinczyk-master\make.visual\x64\release\projekt1.tlog\cl.command.1.tlog
c:\users\kacper\desktop\zwp 02.06\kamila 08.06\chinczyk-master\chinczyk-master\make.visual\x64\release\projekt1.tlog\cl.read.1.tlog
c:\users\kacper\desktop\zwp 02.06\kamila 08.06\chinczyk-master\chinczyk-master\make.visual\x64\release\projekt1.tlog\cl.write.1.tlog
c:\users\kacper\desktop\zwp 02.06\kamila 08.06\chinczyk-master\chinczyk-master\make.visual\x64\release\projekt1.tlog\link.command.1.tlog
c:\users\kacper\desktop\zwp 02.06\kamila 08.06\chinczyk-master\chinczyk-master\make.visual\x64\release\projekt1.tlog\link.read.1.tlog
c:\users\kacper\desktop\zwp 02.06\kamila 08.06\chinczyk-master\chinczyk-master\make.visual\x64\release\projekt1.tlog\link.write.1.tlog
c:\users\kacper\desktop\zwp 02.06\kamila 08.06\chinczyk-master\chinczyk-master\make.visual\x64\release\projekt1.tlog\rc.command.1.tlog
c:\users\kacper\desktop\zwp 02.06\kamila 08.06\chinczyk-master\chinczyk-master\make.visual\x64\release\projekt1.tlog\rc.read.1.tlog
c:\users\kacper\desktop\zwp 02.06\kamila 08.06\chinczyk-master\chinczyk-master\make.visual\x64\release\projekt1.tlog\rc.write.1.tlog
